<?xml version="1.0" encoding="UTF-8"?>
<root>
	<tag attr="av">text</tag>
	<tags>
		<t2>v1</t2>
		<t2>v2</t2>
	</tags>
</root>
